\BOOKMARK [0][-]{chapter.1}{\376\377\145\207\133\146\174\173}{}% 1
\BOOKMARK [1][-]{section.1.1}{\376\377\176\242\151\174\150\246}{chapter.1}% 2
\BOOKMARK [1][-]{section.1.2}{\376\377\0001\0009\0008\0004}{chapter.1}% 3
\BOOKMARK [1][-]{section.1.3}{\376\377\157\053\225\177\166\204\124\112\122\053}{chapter.1}% 4
\BOOKMARK [1][-]{section.1.4}{\376\377\200\001\116\272\116\016\155\167}{chapter.1}% 5
\BOOKMARK [1][-]{section.1.5}{\376\377\162\061\117\140\134\061\120\317\162\061\165\037\124\175}{chapter.1}% 6
\BOOKMARK [1][-]{section.1.6}{\376\377\134\100\131\026\116\272}{chapter.1}% 7
\BOOKMARK [1][-]{section.1.7}{\376\377\166\175\131\034\210\114}{chapter.1}% 8
\BOOKMARK [1][-]{section.1.8}{\376\377\150\313\163\213}{chapter.1}% 9
\BOOKMARK [1][-]{section.1.9}{\376\377\156\220\154\311}{chapter.1}% 10
\BOOKMARK [1][-]{section.1.10}{\376\377\123\330\137\142\213\260}{chapter.1}% 11
\BOOKMARK [1][-]{section.1.11}{\376\377\227\015\116\161\145\366\147\037\166\204\162\061\140\305}{chapter.1}% 12
\BOOKMARK [1][-]{section.1.12}{\376\377\126\364\127\316}{chapter.1}% 13
\BOOKMARK [1][-]{section.1.13}{\376\377\166\176\136\164\133\144\162\354}{chapter.1}% 14
\BOOKMARK [1][-]{section.1.14}{\376\377\236\246\165\060\221\314\166\204\133\210\147\033\200\005}{chapter.1}% 15
\BOOKMARK [1][-]{section.1.15}{\376\377\142\021\116\016\127\060\127\133}{chapter.1}% 16
\BOOKMARK [1][-]{section.1.16}{\376\377\127\372\167\143\134\161\117\057\162\065}{chapter.1}% 17
\BOOKMARK [1][-]{section.1.17}{\376\377\0003\116\052\160\153\147\252\142\113}{chapter.1}% 18
\BOOKMARK [1][-]{section.1.18}{\376\377\172\106\145\257\147\227\166\204\204\154\171\074}{chapter.1}% 19
\BOOKMARK [1][-]{section.1.19}{\376\377\221\321\225\001\213\260}{chapter.1}% 20
\BOOKMARK [1][-]{section.1.20}{\376\377\122\250\162\151\121\234\127\072}{chapter.1}% 21
\BOOKMARK [1][-]{section.1.21}{\376\377\147\010\116\256\116\016\121\155\117\277\130\353}{chapter.1}% 22
\BOOKMARK [1][-]{section.1.22}{\376\377\145\340\130\360\124\112\166\175}{chapter.1}% 23
\BOOKMARK [1][-]{section.1.23}{\376\377\237\040\165\253}{chapter.1}% 24
\BOOKMARK [1][-]{section.1.24}{\376\377\162\147\177\212\134\021\136\164\131\107\136\173\116\113\145\305}{chapter.1}% 25
\BOOKMARK [1][-]{section.1.25}{\376\377\116\272\225\364\131\061\150\074}{chapter.1}% 26
\BOOKMARK [1][-]{section.1.26}{\376\377\116\135\145\105\116\213}{chapter.1}% 27
\BOOKMARK [1][-]{section.1.27}{\376\377\217\375\230\316\173\135\166\204\116\272}{chapter.1}% 28
\BOOKMARK [1][-]{section.1.28}{\376\377\236\304\221\321\145\366\116\343}{chapter.1}% 29
\BOOKMARK [1][-]{section.1.29}{\376\377\116\000\123\352\162\171\172\313\162\354\210\114\166\204\163\052}{chapter.1}% 30
\BOOKMARK [1][-]{section.1.30}{\376\377\136\163\121\341\166\204\116\026\165\114}{chapter.1}% 31
\BOOKMARK [1][-]{section.1.31}{\376\377\124\120\125\212}{chapter.1}% 32
\BOOKMARK [1][-]{section.1.32}{\376\377\220\032\137\200\131\164\137\171\116\113\215\357}{chapter.1}% 33
\BOOKMARK [1][-]{section.1.33}{\376\377\123\141\142\311\232\154\117\120\131\053\121\104\137\037}{chapter.1}% 34
\BOOKMARK [1][-]{section.1.34}{\376\377\124\174\125\170\134\161\136\204}{chapter.1}% 35
\BOOKMARK [1][-]{section.1.35}{\376\377\140\262\140\350\116\026\165\114}{chapter.1}% 36
\BOOKMARK [1][-]{section.1.36}{\376\377\221\321\164\366\150\205}{chapter.1}% 37
\BOOKMARK [0][-]{chapter.2}{\376\377\124\362\164\006\140\047}{}% 38
\BOOKMARK [1][-]{section.2.1}{\376\377\213\272\213\355}{chapter.2}% 39
\BOOKMARK [1][-]{section.2.2}{\376\377\131\047\133\146}{chapter.2}% 40
\BOOKMARK [1][-]{section.2.3}{\376\377\116\055\136\270}{chapter.2}% 41
\BOOKMARK [1][-]{section.2.4}{\376\377\146\376\126\375\205\351\133\266\116\146}{chapter.2}% 42
\BOOKMARK [1][-]{section.2.5}{\376\377\176\257\174\271\164\006\140\047\142\171\122\044\000-\136\267\137\267}{chapter.2}% 43
\BOOKMARK [1][-]{section.2.6}{\376\377\133\236\215\365\164\006\140\047\142\171\122\044\000-\136\267\137\267}{chapter.2}% 44
\BOOKMARK [1][-]{section.2.7}{\376\377\122\044\145\255\122\233\142\171\122\044\000-\136\267\137\267}{chapter.2}% 45
\BOOKMARK [1][-]{section.2.8}{\376\377\134\021\147\011\116\272\215\160\166\204\215\357}{chapter.2}% 46
\BOOKMARK [0][-]{chapter.3}{\376\377\176\317\155\116\174\173}{}% 47
\BOOKMARK [1][-]{section.3.1}{\376\377\126\375\133\314\213\272}{chapter.3}% 48
\BOOKMARK [1][-]{section.3.2}{\376\377\215\042\133\314\201\352\165\061\116\113\215\357}{chapter.3}% 49
\BOOKMARK [1][-]{section.3.3}{\376\377\176\317\155\116\133\146\220\032\213\306}{chapter.3}% 50
\BOOKMARK [0][-]{chapter.4}{\376\377\116\272\145\207\171\076\171\321\117\040\213\260\174\173}{}% 51
\BOOKMARK [1][-]{section.4.1}{\376\377\227\122\146\045\140\113\162\061\137\303\164\006\133\146}{chapter.4}% 52
\BOOKMARK [1][-]{section.4.2}{\376\377\133\314\121\160\121\113\147\227\117\040}{chapter.4}% 53
\BOOKMARK [1][-]{section.4.3}{\376\377\150\074\134\100\220\006\210\255}{chapter.4}% 54
\BOOKMARK [0][-]{chapter.5}{\376\377\123\206\123\362\174\173}{}% 55
\BOOKMARK [1][-]{section.5.1}{\376\377\215\104\154\273\220\032\222\164\145\105\116\213}{chapter.5}% 56
\BOOKMARK [1][-]{section.5.2}{\376\377\146\016\147\035\220\243\116\233\116\213}{chapter.5}% 57
\BOOKMARK [0][-]{chapter.6}{\376\377\213\327\213\315\174\173}{}% 58
\BOOKMARK [1][-]{section.6.1}{\376\377\125\020\213\327}{chapter.6}% 59
\BOOKMARK [1][-]{section.6.2}{\376\377\133\213\213\315}{chapter.6}% 60
\BOOKMARK [0][-]{chapter.7}{\376\377\142\200\147\057\174\173}{}% 61
\BOOKMARK [1][-]{section.7.1}{\376\377\000L\000i\000n\000u\000x\000\040\163\257\130\203\177\026\172\013\000-\116\316\136\224\165\050\122\060\121\205\150\070}{chapter.7}% 62
\BOOKMARK [1][-]{section.7.2}{\376\377\000U\000n\000i\000x\000\040\163\257\130\203\232\330\176\247\177\026\172\013}{chapter.7}% 63
\BOOKMARK [1][-]{section.7.3}{\376\377\000R\000e\000d\000i\000s\000\040\213\276\213\241\116\016\133\236\163\260}{chapter.7}% 64
\BOOKMARK [1][-]{section.7.4}{\376\377\000S\000h\000e\000l\000l\000\040\232\330\176\247\177\026\172\013}{chapter.7}% 65
\BOOKMARK [1][-]{section.7.5}{\376\377\124\016\123\360\137\000\123\321\377\032\150\070\137\303\142\200\147\057\116\016\136\224\165\050\133\236\215\365}{chapter.7}% 66
\BOOKMARK [1][-]{section.7.6}{\376\377\155\361\121\145\164\006\211\343\213\241\173\227\147\072\144\315\117\134\174\373\176\337}{chapter.7}% 67
\BOOKMARK [1][-]{section.7.7}{\376\377\000L\000i\000n\000u\000x\000\040\121\205\150\070\213\276\213\241\116\016\133\236\163\260}{chapter.7}% 68
\BOOKMARK [1][-]{section.7.8}{\376\377\155\361\121\145\164\006\211\343\000L\000i\000n\000u\000x\000\040\121\205\150\070}{chapter.7}% 69
\BOOKMARK [1][-]{section.7.9}{\376\377\000L\000e\000v\000e\000l\000D\000B}{chapter.7}% 70
\BOOKMARK [1][-]{section.7.10}{\376\377\000R\000o\000c\000k\000s\000D\000B}{chapter.7}% 71
\BOOKMARK [1][-]{section.7.11}{\376\377\155\361\121\145\143\242\213\250\000M\000y\000S\000Q\000L}{chapter.7}% 72
\BOOKMARK [1][-]{section.7.12}{\376\377\155\361\121\145\143\242\175\042\000C\000+\000+\000\040\133\371\214\141\152\041\127\213}{chapter.7}% 73
\BOOKMARK [1][-]{section.7.13}{\376\377\000L\000e\000e\000t\000C\000o\000d\000e\0005\0000\0000\230\230}{chapter.7}% 74
\BOOKMARK [1][-]{section.7.14}{\376\377\213\276\213\241\152\041\137\017}{chapter.7}% 75
\BOOKMARK [1][-]{section.7.15}{\376\377\116\343\170\001\131\047\121\150\0002}{chapter.7}% 76
